#
# A fatal error has been detected by the Java Runtime Environment:
#
#  EXCEPTION_ACCESS_VIOLATION (0xc0000005) at pc=0x00007ff87b7f84f1, pid=25440, tid=19920
#
# JRE version: Java(TM) SE Runtime Environment (17.0.9+11) (build 17.0.9+11-LTS-201)
# Java VM: Java HotSpot(TM) 64-Bit Server VM (17.0.9+11-LTS-201, mixed mode, emulated-client, sharing, tiered, compressed oops, compressed class ptrs, g1 gc, windows-amd64)
# Problematic frame:
# V  [jvm.dll+0x2e84f1]
#
# No core dump will be written. Minidumps are not enabled by default on client versions of Windows
#
# If you would like to submit a bug report, please visit:
#   https://bugreport.java.com/bugreport/crash.jsp
#

---------------  S U M M A R Y ------------

Command Line: -XX:TieredStopAtLevel=1 -Dspring.output.ansi.enabled=always -Dcom.sun.management.jmxremote -Dspring.jmx.enabled=true -Dspring.liveBeansView.mbeanDomain -Dspring.application.admin.enabled=true -javaagent:F:\software\IntelliJ IDEA 2022.2.3\lib\idea_rt.jar=56638:F:\software\IntelliJ IDEA 2022.2.3\bin -Dfile.encoding=UTF-8 com.atguigu.cloud.Main8002

Host: Intel(R) Core(TM) i9-9900K CPU @ 3.60GHz, 16 cores, 31G,  Windows 10 , 64 bit Build 19041 (10.0.19041.3636)
Time: Sun Jul  7 14:34:50 2024  Windows 10 , 64 bit Build 19041 (10.0.19041.3636) elapsed time: 1.019499 seconds (0d 0h 0m 1s)

---------------  T H R E A D  ---------------

Current thread (0x0000024768af9e50):  GCTaskThread "GC Thread#1" [stack: 0x000000ea02900000,0x000000ea02a00000] [id=19920]

Stack: [0x000000ea02900000,0x000000ea02a00000],  sp=0x000000ea029ffbf8,  free space=1022k
Native frames: (J=compiled Java code, j=interpreted, Vv=VM code, C=native code)
V  [jvm.dll+0x2e84f1]


siginfo: EXCEPTION_ACCESS_VIOLATION (0xc0000005), reading address 0x0000000000000020


Register to memory mapping:

RIP=0x00007ff87b7f84f1 jvm.dll
RAX=0x00000037000020e8 is an unknown value
RBX=0x0000000000000009 is an unknown value
RCX=0x0000000000000018 is an unknown value
RDX=0x0000000000000005 is an unknown value
RSP=0x000000ea029ffbf8 points into unknown readable memory: 0x0000000000000009 | 09 00 00 00 00 00 00 00
RBP=0x000000000000000d is an unknown value
RSI=0x00000247060a9390 points into unknown readable memory: 0x0000000000000000 | 00 00 00 00 00 00 00 00
RDI=0x00000247060a8850 points into unknown readable memory: 0x0000000000000000 | 00 00 00 00 00 00 00 00
R8 =0x0 is NULL
R9 =0x0000000000000005 is an unknown value
R10=0x0000000000000018 is an unknown value
R11=0x00000247060833d0 points into unknown readable memory: 0x00007ff87be09758 | 58 97 e0 7b f8 7f 00 00
R12=0x0 is NULL
R13=0x000002476d705040 points into unknown readable memory: 0x00007ff87be0fee8 | e8 fe e0 7b f8 7f 00 00
R14=0x0000000000000028 is an unknown value
R15=0x000000ea029ffc50 points into unknown readable memory: 0x000000061d3c95b9 | b9 95 3c 1d 06 00 00 00


Registers:
RAX=0x00000037000020e8, RBX=0x0000000000000009, RCX=0x0000000000000018, RDX=0x0000000000000005
RSP=0x000000ea029ffbf8, RBP=0x000000000000000d, RSI=0x00000247060a9390, RDI=0x00000247060a8850
R8 =0x0000000000000000, R9 =0x0000000000000005, R10=0x0000000000000018, R11=0x00000247060833d0
R12=0x0000000000000000, R13=0x000002476d705040, R14=0x0000000000000028, R15=0x000000ea029ffc50
RIP=0x00007ff87b7f84f1, EFLAGS=0x0000000000010206

Top of Stack: (sp=0x000000ea029ffbf8)
0x000000ea029ffbf8:   0000000000000009 000002476d705040
0x000000ea029ffc08:   0000000000000002 000000ea029ffd20
0x000000ea029ffc18:   00007ff87b815eab 0000000000000000
0x000000ea029ffc28:   000002476d705040 00000247060833d0
0x000000ea029ffc38:   000000061d3c958c 000000ea029ffcb0
0x000000ea029ffc48:   00007ff87b7e9930 000000061d3c95b9
0x000000ea029ffc58:   0000000000000000 000000ea029ffd20
0x000000ea029ffc68:   0000000000000000 000000ea018feb00
0x000000ea029ffc78:   00007ff87bb8208f 0000000000000000
0x000000ea029ffc88:   0000000000000000 0000000000000000
0x000000ea029ffc98:   0000000000000000 0000000000000000
0x000000ea029ffca8:   00007ff87bca8157 00000247680bd8d0
0x000000ea029ffcb8:   0000024768b08170 00000000000003d8
0x000000ea029ffcc8:   00000247680bdca8 0000000000000009
0x000000ea029ffcd8:   00007ff87b7e9fea 000002476d705040
0x000000ea029ffce8:   0000000000000013 000000ea018feb00 

Instructions: (pc=0x00007ff87b7f84f1)
0x00007ff87b7f83f1:   48 8b 5c 24 50 48 83 c4 40 5f c3 cc cc cc cc 48
0x00007ff87b7f8401:   89 5c 24 08 57 48 83 ec 20 48 8b da 48 8b f9 f6
0x00007ff87b7f8411:   c2 01 74 1c 48 83 e3 fe 48 83 c1 08 48 8b d3 e8
0x00007ff87b7f8421:   2b 15 00 00 48 8b 97 a0 00 00 00 48 03 d0 eb 3d
0x00007ff87b7f8431:   48 8b cb e8 17 cc fe ff 84 c0 74 18 48 8d 4f 08
0x00007ff87b7f8441:   48 8b d3 e8 a7 14 00 00 48 8b 97 a0 00 00 00 48
0x00007ff87b7f8451:   03 d0 eb 19 48 8b 97 80 00 00 00 48 8b cb e8 6c
0x00007ff87b7f8461:   a5 fe ff 48 63 d0 48 03 97 a0 00 00 00 48 89 97
0x00007ff87b7f8471:   a0 00 00 00 48 3b 97 a8 00 00 00 73 10 48 8b 87
0x00007ff87b7f8481:   c0 00 00 00 48 39 87 b8 00 00 00 72 13 48 8b cf
0x00007ff87b7f8491:   e8 fa f1 ff ff 84 c0 75 07 c6 87 d0 00 00 00 01
0x00007ff87b7f84a1:   48 8b 5c 24 30 48 83 c4 20 5f c3 cc cc cc cc 40
0x00007ff87b7f84b1:   53 48 83 ec 20 48 8b d9 e8 d2 f1 ff ff 84 c0 74
0x00007ff87b7f84c1:   20 48 8b 43 20 48 8b 88 f0 01 00 00 48 85 c9 75
0x00007ff87b7f84d1:   10 38 8b d0 00 00 00 75 08 32 c0 48 83 c4 20 5b
0x00007ff87b7f84e1:   c3 b0 01 48 83 c4 20 5b c3 cc cc cc cc cc cc 48
0x00007ff87b7f84f1:   8b 41 08 0f b6 80 12 05 00 00 c3 cc cc cc cc 40
0x00007ff87b7f8501:   53 48 83 ec 20 0f b6 05 53 0d 84 00 48 8b d9 84
0x00007ff87b7f8511:   c0 74 16 e8 a7 cd 45 00 48 8b 43 08 0f b6 80 12
0x00007ff87b7f8521:   05 00 00 48 83 c4 20 5b c3 48 8b 41 08 0f b6 80
0x00007ff87b7f8531:   12 05 00 00 48 83 c4 20 5b c3 cc cc cc cc cc 48
0x00007ff87b7f8541:   89 5c 24 10 48 89 6c 24 18 48 89 74 24 20 57 41
0x00007ff87b7f8551:   54 41 56 41 57 45 33 e4 8b da 4c 8b d9 4d 8b f8
0x00007ff87b7f8561:   8b 49 08 41 8b ec 8d 04 09 85 c0 0f 84 58 02 00
0x00007ff87b7f8571:   00 83 f9 02 0f 86 c5 01 00 00 49 8b 43 10 48 8b
0x00007ff87b7f8581:   34 d8 44 8b 8e 00 02 00 00 41 83 f9 ff 75 49 44
0x00007ff87b7f8591:   8b 86 04 02 00 00 b8 5f 0b 4e 83 41 f7 e8 41 03
0x00007ff87b7f85a1:   d0 c1 fa 10 8b c2 c1 e8 1f 03 d0 41 69 c0 a7 41
0x00007ff87b7f85b1:   00 00 69 ca ff ff ff 7f 2b c1 85 c0 8d 88 ff ff
0x00007ff87b7f85c1:   ff 7f 0f 4e c1 33 d2 89 86 04 02 00 00 41 f7 73
0x00007ff87b7f85d1:   08 44 8b ca 3b d3 74 b7 8b d3 0f 1f 44 00 00 3b
0x00007ff87b7f85e1:   d3 74 05 41 3b d1 75 44 44 8b 86 04 02 00 00 b8 


Stack slot to memory mapping:
stack at sp + 0 slots: 0x0000000000000009 is an unknown value
stack at sp + 1 slots: 0x000002476d705040 points into unknown readable memory: 0x00007ff87be0fee8 | e8 fe e0 7b f8 7f 00 00
stack at sp + 2 slots: 0x0000000000000002 is an unknown value
stack at sp + 3 slots: 0x000000ea029ffd20 points into unknown readable memory: 0x00007ff87be09720 | 20 97 e0 7b f8 7f 00 00
stack at sp + 4 slots: 0x00007ff87b815eab jvm.dll
stack at sp + 5 slots: 0x0 is NULL
stack at sp + 6 slots: 0x000002476d705040 points into unknown readable memory: 0x00007ff87be0fee8 | e8 fe e0 7b f8 7f 00 00
stack at sp + 7 slots: 0x00000247060833d0 points into unknown readable memory: 0x00007ff87be09758 | 58 97 e0 7b f8 7f 00 00


---------------  P R O C E S S  ---------------

Threads class SMR info:
_java_thread_list=0x000002476d64bd00, length=19, elements={
0x0000024706088bc0, 0x00000247241b0860, 0x00000247241b1220, 0x00000247680868b0,
0x0000024768087390, 0x0000024768087d50, 0x000002476808a720, 0x000002476808cee0,
0x00000247241cdfc0, 0x00000247680ef9b0, 0x00000247680807b0, 0x0000024768173f90,
0x0000024768179980, 0x000002476868e2b0, 0x000002476868e790, 0x00000247687aa340,
0x000002476d2e56d0, 0x000002476d500040, 0x000002476d500560
}

Java Threads: ( => current thread )
  0x0000024706088bc0 JavaThread "main" [_thread_blocked, id=2680, stack(0x000000ea01200000,0x000000ea01300000)]
  0x00000247241b0860 JavaThread "Reference Handler" daemon [_thread_blocked, id=22092, stack(0x000000ea01900000,0x000000ea01a00000)]
  0x00000247241b1220 JavaThread "Finalizer" daemon [_thread_blocked, id=25248, stack(0x000000ea01a00000,0x000000ea01b00000)]
  0x00000247680868b0 JavaThread "Signal Dispatcher" daemon [_thread_blocked, id=25828, stack(0x000000ea01b00000,0x000000ea01c00000)]
  0x0000024768087390 JavaThread "Attach Listener" daemon [_thread_blocked, id=15500, stack(0x000000ea01c00000,0x000000ea01d00000)]
  0x0000024768087d50 JavaThread "Service Thread" daemon [_thread_blocked, id=22228, stack(0x000000ea01d00000,0x000000ea01e00000)]
  0x000002476808a720 JavaThread "Monitor Deflation Thread" daemon [_thread_blocked, id=20352, stack(0x000000ea01e00000,0x000000ea01f00000)]
  0x000002476808cee0 JavaThread "C1 CompilerThread0" daemon [_thread_blocked, id=24864, stack(0x000000ea01f00000,0x000000ea02000000)]
  0x00000247241cdfc0 JavaThread "Sweeper thread" daemon [_thread_blocked, id=27676, stack(0x000000ea02000000,0x000000ea02100000)]
  0x00000247680ef9b0 JavaThread "Common-Cleaner" daemon [_thread_blocked, id=25268, stack(0x000000ea02100000,0x000000ea02200000)]
  0x00000247680807b0 JavaThread "C1 CompilerThread1" daemon [_thread_blocked, id=19328, stack(0x000000ea02200000,0x000000ea02300000)]
  0x0000024768173f90 JavaThread "C1 CompilerThread2" daemon [_thread_blocked, id=22588, stack(0x000000ea02300000,0x000000ea02400000)]
  0x0000024768179980 JavaThread "C1 CompilerThread3" daemon [_thread_blocked, id=27020, stack(0x000000ea02400000,0x000000ea02500000)]
  0x000002476868e2b0 JavaThread "Monitor Ctrl-Break" daemon [_thread_in_native, id=192, stack(0x000000ea02500000,0x000000ea02600000)]
  0x000002476868e790 JavaThread "Notification Thread" daemon [_thread_blocked, id=23284, stack(0x000000ea02600000,0x000000ea02700000)]
  0x00000247687aa340 JavaThread "RMI TCP Accept-0" daemon [_thread_in_native, id=14476, stack(0x000000ea02700000,0x000000ea02800000)]
  0x000002476d2e56d0 JavaThread "background-preinit" [_thread_blocked, id=22152, stack(0x000000ea03600000,0x000000ea03700000)]
  0x000002476d500040 JavaThread "C1 CompilerThread4" daemon [_thread_blocked, id=17184, stack(0x000000ea03700000,0x000000ea03800000)]
  0x000002476d500560 JavaThread "C1 CompilerThread5" daemon [_thread_blocked, id=19732, stack(0x000000ea03800000,0x000000ea03900000)]

Other Threads:
  0x00000247241b4810 VMThread "VM Thread" [stack: 0x000000ea01800000,0x000000ea01900000] [id=25684]
  0x00000247689823d0 WatcherThread [stack: 0x000000ea02800000,0x000000ea02900000] [id=27376]
  0x00000247060fa460 GCTaskThread "GC Thread#0" [stack: 0x000000ea01300000,0x000000ea01400000] [id=11852]
=>0x0000024768af9e50 GCTaskThread "GC Thread#1" [stack: 0x000000ea02900000,0x000000ea02a00000] [id=19920]
  0x0000024768b08920 GCTaskThread "GC Thread#2" [stack: 0x000000ea02a00000,0x000000ea02b00000] [id=18400]
  0x0000024768b08be0 GCTaskThread "GC Thread#3" [stack: 0x000000ea02b00000,0x000000ea02c00000] [id=24672]
  0x0000024768b08ea0 GCTaskThread "GC Thread#4" [stack: 0x000000ea02c00000,0x000000ea02d00000] [id=28412]
  0x0000024768b09160 GCTaskThread "GC Thread#5" [stack: 0x000000ea02d00000,0x000000ea02e00000] [id=27136]
  0x0000024768aece60 GCTaskThread "GC Thread#6" [stack: 0x000000ea02e00000,0x000000ea02f00000] [id=22336]
  0x0000024768aed120 GCTaskThread "GC Thread#7" [stack: 0x000000ea02f00000,0x000000ea03000000] [id=3144]
  0x0000024768aed3e0 GCTaskThread "GC Thread#8" [stack: 0x000000ea03000000,0x000000ea03100000] [id=23680]
  0x0000024768aedb20 GCTaskThread "GC Thread#9" [stack: 0x000000ea03100000,0x000000ea03200000] [id=26040]
  0x0000024768aedde0 GCTaskThread "GC Thread#10" [stack: 0x000000ea03200000,0x000000ea03300000] [id=15348]
  0x0000024768aee520 GCTaskThread "GC Thread#11" [stack: 0x000000ea03300000,0x000000ea03400000] [id=24996]
  0x000002470610b230 ConcurrentGCThread "G1 Main Marker" [stack: 0x000000ea01400000,0x000000ea01500000] [id=22784]
  0x000002470610c2e0 ConcurrentGCThread "G1 Conc#0" [stack: 0x000000ea01500000,0x000000ea01600000] [id=27140]
  0x00000247240e7fb0 ConcurrentGCThread "G1 Refine#0" [stack: 0x000000ea01600000,0x000000ea01700000] [id=21740]
  0x0000024768be4a10 ConcurrentGCThread "G1 Refine#1" [stack: 0x000000ea03400000,0x000000ea03500000] [id=28404]
  0x0000024768bb6ba0 ConcurrentGCThread "G1 Refine#2" [stack: 0x000000ea03500000,0x000000ea03600000] [id=21180]
  0x00000247240e96a0 ConcurrentGCThread "G1 Service" [stack: 0x000000ea01700000,0x000000ea01800000] [id=27668]

Threads with active compile tasks:

VM state: at safepoint (normal execution)

VM Mutex/Monitor currently owned by a thread:  ([mutex/lock_event])
[0x0000024706084720] Threads_lock - owner thread: 0x00000247241b4810
[0x0000024706085260] Heap_lock - owner thread: 0x0000024706088bc0

Heap address: 0x0000000601000000, size: 8176 MB, Compressed Oops mode: Zero based, Oop shift amount: 3

CDS archive(s) mapped at: [0x0000024727000000-0x0000024727bd0000-0x0000024727bd0000), size 12386304, SharedBaseAddress: 0x0000024727000000, ArchiveRelocationMode: 1.
Compressed class space mapped at: 0x0000024728000000-0x0000024768000000, reserved size: 1073741824
Narrow klass base: 0x0000024727000000, Narrow klass shift: 0, Narrow klass range: 0x100000000

GC Precious Log:
 CPUs: 16 total, 16 available
 Memory: 32699M
 Large Page Support: Disabled
 NUMA Support: Disabled
 Compressed Oops: Enabled (Zero based)
 Heap Region Size: 4M
 Heap Min Capacity: 8M
 Heap Initial Capacity: 512M
 Heap Max Capacity: 8176M
 Pre-touch: Disabled
 Parallel Workers: 13
 Concurrent Workers: 3
 Concurrent Refinement Workers: 13
 Periodic GC: Disabled

Heap:
 garbage-first heap   total 524288K, used 66493K [0x0000000601000000, 0x0000000800000000)
  region size 4096K, 16 young (65536K), 2 survivors (8192K)
 Metaspace       used 20073K, committed 20352K, reserved 1114112K
  class space    used 2753K, committed 2880K, reserved 1048576K

Heap Regions: E=young(eden), S=young(survivor), O=old, HS=humongous(starts), HC=humongous(continues), CS=collection set, F=free, OA=open archive, CA=closed archive, TAMS=top-at-mark-start (previous, next)
|   0|0x0000000601000000, 0x0000000601400000, 0x0000000601400000|100%| O|  |TAMS 0x0000000601000000, 0x0000000601000000| Untracked 
|   1|0x0000000601400000, 0x0000000601765200, 0x0000000601800000| 84%| O|  |TAMS 0x0000000601400000, 0x0000000601400000| Untracked 
|   2|0x0000000601800000, 0x0000000601800000, 0x0000000601c00000|  0%| F|  |TAMS 0x0000000601800000, 0x0000000601800000| Untracked 
|   3|0x0000000601c00000, 0x0000000601c00000, 0x0000000602000000|  0%| F|  |TAMS 0x0000000601c00000, 0x0000000601c00000| Untracked 
|   4|0x0000000602000000, 0x0000000602000000, 0x0000000602400000|  0%| F|  |TAMS 0x0000000602000000, 0x0000000602000000| Untracked 
|   5|0x0000000602400000, 0x0000000602400000, 0x0000000602800000|  0%| F|  |TAMS 0x0000000602400000, 0x0000000602400000| Untracked 
|   6|0x0000000602800000, 0x0000000602800000, 0x0000000602c00000|  0%| F|  |TAMS 0x0000000602800000, 0x0000000602800000| Untracked 
|   7|0x0000000602c00000, 0x0000000602c00000, 0x0000000603000000|  0%| F|  |TAMS 0x0000000602c00000, 0x0000000602c00000| Untracked 
|   8|0x0000000603000000, 0x0000000603000000, 0x0000000603400000|  0%| F|  |TAMS 0x0000000603000000, 0x0000000603000000| Untracked 
|   9|0x0000000603400000, 0x0000000603400000, 0x0000000603800000|  0%| F|  |TAMS 0x0000000603400000, 0x0000000603400000| Untracked 
|  10|0x0000000603800000, 0x0000000603800000, 0x0000000603c00000|  0%| F|  |TAMS 0x0000000603800000, 0x0000000603800000| Untracked 
|  11|0x0000000603c00000, 0x0000000603c00000, 0x0000000604000000|  0%| F|  |TAMS 0x0000000603c00000, 0x0000000603c00000| Untracked 
|  12|0x0000000604000000, 0x0000000604000000, 0x0000000604400000|  0%| F|  |TAMS 0x0000000604000000, 0x0000000604000000| Untracked 
|  13|0x0000000604400000, 0x0000000604400000, 0x0000000604800000|  0%| F|  |TAMS 0x0000000604400000, 0x0000000604400000| Untracked 
|  14|0x0000000604800000, 0x0000000604800000, 0x0000000604c00000|  0%| F|  |TAMS 0x0000000604800000, 0x0000000604800000| Untracked 
|  15|0x0000000604c00000, 0x0000000604c00000, 0x0000000605000000|  0%| F|  |TAMS 0x0000000604c00000, 0x0000000604c00000| Untracked 
|  16|0x0000000605000000, 0x0000000605000000, 0x0000000605400000|  0%| F|  |TAMS 0x0000000605000000, 0x0000000605000000| Untracked 
|  17|0x0000000605400000, 0x0000000605400000, 0x0000000605800000|  0%| F|  |TAMS 0x0000000605400000, 0x0000000605400000| Untracked 
|  18|0x0000000605800000, 0x0000000605800000, 0x0000000605c00000|  0%| F|  |TAMS 0x0000000605800000, 0x0000000605800000| Untracked 
|  19|0x0000000605c00000, 0x0000000605c00000, 0x0000000606000000|  0%| F|  |TAMS 0x0000000605c00000, 0x0000000605c00000| Untracked 
|  20|0x0000000606000000, 0x0000000606000000, 0x0000000606400000|  0%| F|  |TAMS 0x0000000606000000, 0x0000000606000000| Untracked 
|  21|0x0000000606400000, 0x0000000606400000, 0x0000000606800000|  0%| F|  |TAMS 0x0000000606400000, 0x0000000606400000| Untracked 
|  22|0x0000000606800000, 0x0000000606800000, 0x0000000606c00000|  0%| F|  |TAMS 0x0000000606800000, 0x0000000606800000| Untracked 
|  23|0x0000000606c00000, 0x0000000606c00000, 0x0000000607000000|  0%| F|  |TAMS 0x0000000606c00000, 0x0000000606c00000| Untracked 
|  24|0x0000000607000000, 0x0000000607000000, 0x0000000607400000|  0%| F|  |TAMS 0x0000000607000000, 0x0000000607000000| Untracked 
|  25|0x0000000607400000, 0x0000000607400000, 0x0000000607800000|  0%| F|  |TAMS 0x0000000607400000, 0x0000000607400000| Untracked 
|  26|0x0000000607800000, 0x0000000607800000, 0x0000000607c00000|  0%| F|  |TAMS 0x0000000607800000, 0x0000000607800000| Untracked 
|  27|0x0000000607c00000, 0x0000000607c00000, 0x0000000608000000|  0%| F|  |TAMS 0x0000000607c00000, 0x0000000607c00000| Untracked 
|  28|0x0000000608000000, 0x0000000608000000, 0x0000000608400000|  0%| F|  |TAMS 0x0000000608000000, 0x0000000608000000| Untracked 
|  29|0x0000000608400000, 0x0000000608400000, 0x0000000608800000|  0%| F|  |TAMS 0x0000000608400000, 0x0000000608400000| Untracked 
|  30|0x0000000608800000, 0x0000000608800000, 0x0000000608c00000|  0%| F|  |TAMS 0x0000000608800000, 0x0000000608800000| Untracked 
|  31|0x0000000608c00000, 0x0000000608c00000, 0x0000000609000000|  0%| F|  |TAMS 0x0000000608c00000, 0x0000000608c00000| Untracked 
|  32|0x0000000609000000, 0x0000000609000000, 0x0000000609400000|  0%| F|  |TAMS 0x0000000609000000, 0x0000000609000000| Untracked 
|  33|0x0000000609400000, 0x0000000609400000, 0x0000000609800000|  0%| F|  |TAMS 0x0000000609400000, 0x0000000609400000| Untracked 
|  34|0x0000000609800000, 0x0000000609800000, 0x0000000609c00000|  0%| F|  |TAMS 0x0000000609800000, 0x0000000609800000| Untracked 
|  35|0x0000000609c00000, 0x0000000609c00000, 0x000000060a000000|  0%| F|  |TAMS 0x0000000609c00000, 0x0000000609c00000| Untracked 
|  36|0x000000060a000000, 0x000000060a000000, 0x000000060a400000|  0%| F|  |TAMS 0x000000060a000000, 0x000000060a000000| Untracked 
|  37|0x000000060a400000, 0x000000060a400000, 0x000000060a800000|  0%| F|  |TAMS 0x000000060a400000, 0x000000060a400000| Untracked 
|  38|0x000000060a800000, 0x000000060a800000, 0x000000060ac00000|  0%| F|  |TAMS 0x000000060a800000, 0x000000060a800000| Untracked 
|  39|0x000000060ac00000, 0x000000060ac00000, 0x000000060b000000|  0%| F|  |TAMS 0x000000060ac00000, 0x000000060ac00000| Untracked 
|  40|0x000000060b000000, 0x000000060b000000, 0x000000060b400000|  0%| F|  |TAMS 0x000000060b000000, 0x000000060b000000| Untracked 
|  41|0x000000060b400000, 0x000000060b400000, 0x000000060b800000|  0%| F|  |TAMS 0x000000060b400000, 0x000000060b400000| Untracked 
|  42|0x000000060b800000, 0x000000060b800000, 0x000000060bc00000|  0%| F|  |TAMS 0x000000060b800000, 0x000000060b800000| Untracked 
|  43|0x000000060bc00000, 0x000000060bc00000, 0x000000060c000000|  0%| F|  |TAMS 0x000000060bc00000, 0x000000060bc00000| Untracked 
|  44|0x000000060c000000, 0x000000060c000000, 0x000000060c400000|  0%| F|  |TAMS 0x000000060c000000, 0x000000060c000000| Untracked 
|  45|0x000000060c400000, 0x000000060c400000, 0x000000060c800000|  0%| F|  |TAMS 0x000000060c400000, 0x000000060c400000| Untracked 
|  46|0x000000060c800000, 0x000000060c800000, 0x000000060cc00000|  0%| F|  |TAMS 0x000000060c800000, 0x000000060c800000| Untracked 
|  47|0x000000060cc00000, 0x000000060cc00000, 0x000000060d000000|  0%| F|  |TAMS 0x000000060cc00000, 0x000000060cc00000| Untracked 
|  48|0x000000060d000000, 0x000000060d000000, 0x000000060d400000|  0%| F|  |TAMS 0x000000060d000000, 0x000000060d000000| Untracked 
|  49|0x000000060d400000, 0x000000060d400000, 0x000000060d800000|  0%| F|  |TAMS 0x000000060d400000, 0x000000060d400000| Untracked 
|  50|0x000000060d800000, 0x000000060d800000, 0x000000060dc00000|  0%| F|  |TAMS 0x000000060d800000, 0x000000060d800000| Untracked 
|  51|0x000000060dc00000, 0x000000060dc00000, 0x000000060e000000|  0%| F|  |TAMS 0x000000060dc00000, 0x000000060dc00000| Untracked 
|  52|0x000000060e000000, 0x000000060e000000, 0x000000060e400000|  0%| F|  |TAMS 0x000000060e000000, 0x000000060e000000| Untracked 
|  53|0x000000060e400000, 0x000000060e400000, 0x000000060e800000|  0%| F|  |TAMS 0x000000060e400000, 0x000000060e400000| Untracked 
|  54|0x000000060e800000, 0x000000060e800000, 0x000000060ec00000|  0%| F|  |TAMS 0x000000060e800000, 0x000000060e800000| Untracked 
|  55|0x000000060ec00000, 0x000000060ec00000, 0x000000060f000000|  0%| F|  |TAMS 0x000000060ec00000, 0x000000060ec00000| Untracked 
|  56|0x000000060f000000, 0x000000060f000000, 0x000000060f400000|  0%| F|  |TAMS 0x000000060f000000, 0x000000060f000000| Untracked 
|  57|0x000000060f400000, 0x000000060f400000, 0x000000060f800000|  0%| F|  |TAMS 0x000000060f400000, 0x000000060f400000| Untracked 
|  58|0x000000060f800000, 0x000000060f800000, 0x000000060fc00000|  0%| F|  |TAMS 0x000000060f800000, 0x000000060f800000| Untracked 
|  59|0x000000060fc00000, 0x000000060fc00000, 0x0000000610000000|  0%| F|  |TAMS 0x000000060fc00000, 0x000000060fc00000| Untracked 
|  60|0x0000000610000000, 0x0000000610000000, 0x0000000610400000|  0%| F|  |TAMS 0x0000000610000000, 0x0000000610000000| Untracked 
|  61|0x0000000610400000, 0x0000000610400000, 0x0000000610800000|  0%| F|  |TAMS 0x0000000610400000, 0x0000000610400000| Untracked 
|  62|0x0000000610800000, 0x0000000610800000, 0x0000000610c00000|  0%| F|  |TAMS 0x0000000610800000, 0x0000000610800000| Untracked 
|  63|0x0000000610c00000, 0x0000000610c00000, 0x0000000611000000|  0%| F|  |TAMS 0x0000000610c00000, 0x0000000610c00000| Untracked 
|  64|0x0000000611000000, 0x0000000611000000, 0x0000000611400000|  0%| F|  |TAMS 0x0000000611000000, 0x0000000611000000| Untracked 
|  65|0x0000000611400000, 0x0000000611400000, 0x0000000611800000|  0%| F|  |TAMS 0x0000000611400000, 0x0000000611400000| Untracked 
|  66|0x0000000611800000, 0x0000000611800000, 0x0000000611c00000|  0%| F|  |TAMS 0x0000000611800000, 0x0000000611800000| Untracked 
|  67|0x0000000611c00000, 0x0000000611c00000, 0x0000000612000000|  0%| F|  |TAMS 0x0000000611c00000, 0x0000000611c00000| Untracked 
|  68|0x0000000612000000, 0x0000000612000000, 0x0000000612400000|  0%| F|  |TAMS 0x0000000612000000, 0x0000000612000000| Untracked 
|  69|0x0000000612400000, 0x0000000612400000, 0x0000000612800000|  0%| F|  |TAMS 0x0000000612400000, 0x0000000612400000| Untracked 
|  70|0x0000000612800000, 0x0000000612800000, 0x0000000612c00000|  0%| F|  |TAMS 0x0000000612800000, 0x0000000612800000| Untracked 
|  71|0x0000000612c00000, 0x0000000612c00000, 0x0000000613000000|  0%| F|  |TAMS 0x0000000612c00000, 0x0000000612c00000| Untracked 
|  72|0x0000000613000000, 0x0000000613000000, 0x0000000613400000|  0%| F|  |TAMS 0x0000000613000000, 0x0000000613000000| Untracked 
|  73|0x0000000613400000, 0x0000000613400000, 0x0000000613800000|  0%| F|  |TAMS 0x0000000613400000, 0x0000000613400000| Untracked 
|  74|0x0000000613800000, 0x0000000613800000, 0x0000000613c00000|  0%| F|  |TAMS 0x0000000613800000, 0x0000000613800000| Untracked 
|  75|0x0000000613c00000, 0x0000000613c00000, 0x0000000614000000|  0%| F|  |TAMS 0x0000000613c00000, 0x0000000613c00000| Untracked 
|  76|0x0000000614000000, 0x0000000614000000, 0x0000000614400000|  0%| F|  |TAMS 0x0000000614000000, 0x0000000614000000| Untracked 
|  77|0x0000000614400000, 0x0000000614400000, 0x0000000614800000|  0%| F|  |TAMS 0x0000000614400000, 0x0000000614400000| Untracked 
|  78|0x0000000614800000, 0x0000000614800000, 0x0000000614c00000|  0%| F|  |TAMS 0x0000000614800000, 0x0000000614800000| Untracked 
|  79|0x0000000614c00000, 0x0000000614c00000, 0x0000000615000000|  0%| F|  |TAMS 0x0000000614c00000, 0x0000000614c00000| Untracked 
|  80|0x0000000615000000, 0x0000000615000000, 0x0000000615400000|  0%| F|  |TAMS 0x0000000615000000, 0x0000000615000000| Untracked 
|  81|0x0000000615400000, 0x0000000615400000, 0x0000000615800000|  0%| F|  |TAMS 0x0000000615400000, 0x0000000615400000| Untracked 
|  82|0x0000000615800000, 0x0000000615800000, 0x0000000615c00000|  0%| F|  |TAMS 0x0000000615800000, 0x0000000615800000| Untracked 
|  83|0x0000000615c00000, 0x0000000615c00000, 0x0000000616000000|  0%| F|  |TAMS 0x0000000615c00000, 0x0000000615c00000| Untracked 
|  84|0x0000000616000000, 0x0000000616000000, 0x0000000616400000|  0%| F|  |TAMS 0x0000000616000000, 0x0000000616000000| Untracked 
|  85|0x0000000616400000, 0x0000000616400000, 0x0000000616800000|  0%| F|  |TAMS 0x0000000616400000, 0x0000000616400000| Untracked 
|  86|0x0000000616800000, 0x0000000616800000, 0x0000000616c00000|  0%| F|  |TAMS 0x0000000616800000, 0x0000000616800000| Untracked 
|  87|0x0000000616c00000, 0x0000000616c00000, 0x0000000617000000|  0%| F|  |TAMS 0x0000000616c00000, 0x0000000616c00000| Untracked 
|  88|0x0000000617000000, 0x0000000617000000, 0x0000000617400000|  0%| F|  |TAMS 0x0000000617000000, 0x0000000617000000| Untracked 
|  89|0x0000000617400000, 0x0000000617400000, 0x0000000617800000|  0%| F|  |TAMS 0x0000000617400000, 0x0000000617400000| Untracked 
|  90|0x0000000617800000, 0x0000000617800000, 0x0000000617c00000|  0%| F|  |TAMS 0x0000000617800000, 0x0000000617800000| Untracked 
|  91|0x0000000617c00000, 0x0000000617c00000, 0x0000000618000000|  0%| F|  |TAMS 0x0000000617c00000, 0x0000000617c00000| Untracked 
|  92|0x0000000618000000, 0x0000000618000000, 0x0000000618400000|  0%| F|  |TAMS 0x0000000618000000, 0x0000000618000000| Untracked 
|  93|0x0000000618400000, 0x0000000618400000, 0x0000000618800000|  0%| F|  |TAMS 0x0000000618400000, 0x0000000618400000| Untracked 
|  94|0x0000000618800000, 0x0000000618800000, 0x0000000618c00000|  0%| F|  |TAMS 0x0000000618800000, 0x0000000618800000| Untracked 
|  95|0x0000000618c00000, 0x0000000618c00000, 0x0000000619000000|  0%| F|  |TAMS 0x0000000618c00000, 0x0000000618c00000| Untracked 
|  96|0x0000000619000000, 0x0000000619000000, 0x0000000619400000|  0%| F|  |TAMS 0x0000000619000000, 0x0000000619000000| Untracked 
|  97|0x0000000619400000, 0x0000000619400000, 0x0000000619800000|  0%| F|  |TAMS 0x0000000619400000, 0x0000000619400000| Untracked 
|  98|0x0000000619800000, 0x0000000619800000, 0x0000000619c00000|  0%| F|  |TAMS 0x0000000619800000, 0x0000000619800000| Untracked 
|  99|0x0000000619c00000, 0x0000000619c00000, 0x000000061a000000|  0%| F|  |TAMS 0x0000000619c00000, 0x0000000619c00000| Untracked 
| 100|0x000000061a000000, 0x000000061a000000, 0x000000061a400000|  0%| F|  |TAMS 0x000000061a000000, 0x000000061a000000| Untracked 
| 101|0x000000061a400000, 0x000000061a400000, 0x000000061a800000|  0%| F|  |TAMS 0x000000061a400000, 0x000000061a400000| Untracked 
| 102|0x000000061a800000, 0x000000061a800000, 0x000000061ac00000|  0%| F|  |TAMS 0x000000061a800000, 0x000000061a800000| Untracked 
| 103|0x000000061ac00000, 0x000000061ac00000, 0x000000061b000000|  0%| F|  |TAMS 0x000000061ac00000, 0x000000061ac00000| Untracked 
| 104|0x000000061b000000, 0x000000061b000000, 0x000000061b400000|  0%| F|  |TAMS 0x000000061b000000, 0x000000061b000000| Untracked 
| 105|0x000000061b400000, 0x000000061b400000, 0x000000061b800000|  0%| F|  |TAMS 0x000000061b400000, 0x000000061b400000| Untracked 
| 106|0x000000061b800000, 0x000000061b800000, 0x000000061bc00000|  0%| F|  |TAMS 0x000000061b800000, 0x000000061b800000| Untracked 
| 107|0x000000061bc00000, 0x000000061bc00000, 0x000000061c000000|  0%| F|  |TAMS 0x000000061bc00000, 0x000000061bc00000| Untracked 
| 108|0x000000061c000000, 0x000000061c000000, 0x000000061c400000|  0%| F|  |TAMS 0x000000061c000000, 0x000000061c000000| Untracked 
| 109|0x000000061c400000, 0x000000061c400000, 0x000000061c800000|  0%| F|  |TAMS 0x000000061c400000, 0x000000061c400000| Untracked 
| 110|0x000000061c800000, 0x000000061c800000, 0x000000061cc00000|  0%| F|  |TAMS 0x000000061c800000, 0x000000061c800000| Untracked 
| 111|0x000000061cc00000, 0x000000061cc9d300, 0x000000061d000000| 15%| S|  |TAMS 0x000000061cc00000, 0x000000061cc00000| Complete 
| 112|0x000000061d000000, 0x000000061d400000, 0x000000061d400000|100%| S|  |TAMS 0x000000061d000000, 0x000000061d000000| Complete 
| 113|0x000000061d400000, 0x000000061d800000, 0x000000061d800000|100%| E|CS|TAMS 0x000000061d400000, 0x000000061d400000| Complete 
| 114|0x000000061d800000, 0x000000061dc00000, 0x000000061dc00000|100%| E|CS|TAMS 0x000000061d800000, 0x000000061d800000| Complete 
| 115|0x000000061dc00000, 0x000000061e000000, 0x000000061e000000|100%| E|CS|TAMS 0x000000061dc00000, 0x000000061dc00000| Complete 
| 116|0x000000061e000000, 0x000000061e400000, 0x000000061e400000|100%| E|CS|TAMS 0x000000061e000000, 0x000000061e000000| Complete 
| 117|0x000000061e400000, 0x000000061e800000, 0x000000061e800000|100%| E|CS|TAMS 0x000000061e400000, 0x000000061e400000| Complete 
| 118|0x000000061e800000, 0x000000061ec00000, 0x000000061ec00000|100%| E|CS|TAMS 0x000000061e800000, 0x000000061e800000| Complete 
| 119|0x000000061ec00000, 0x000000061f000000, 0x000000061f000000|100%| E|CS|TAMS 0x000000061ec00000, 0x000000061ec00000| Complete 
| 120|0x000000061f000000, 0x000000061f400000, 0x000000061f400000|100%| E|CS|TAMS 0x000000061f000000, 0x000000061f000000| Complete 
| 121|0x000000061f400000, 0x000000061f800000, 0x000000061f800000|100%| E|CS|TAMS 0x000000061f400000, 0x000000061f400000| Complete 
| 122|0x000000061f800000, 0x000000061f98a398, 0x000000061fc00000| 38%| E|CS|TAMS 0x000000061f800000, 0x000000061f800000| Complete 
| 123|0x000000061fc00000, 0x0000000620000000, 0x0000000620000000|100%| E|CS|TAMS 0x000000061fc00000, 0x000000061fc00000| Complete 
| 124|0x0000000620000000, 0x0000000620400000, 0x0000000620400000|100%| E|CS|TAMS 0x0000000620000000, 0x0000000620000000| Complete 
| 125|0x0000000620400000, 0x0000000620800000, 0x0000000620800000|100%| E|CS|TAMS 0x0000000620400000, 0x0000000620400000| Complete 
| 126|0x0000000620800000, 0x0000000620c00000, 0x0000000620c00000|100%| E|CS|TAMS 0x0000000620800000, 0x0000000620800000| Complete 
| 127|0x0000000620c00000, 0x0000000621000000, 0x0000000621000000|100%| E|CS|TAMS 0x0000000620c00000, 0x0000000620c00000| Complete 

Card table byte_map: [0x0000024711f80000,0x0000024712f80000] _byte_map_base: 0x000002470ef78000

Marking Bits (Prev, Next): (CMBitMap*) 0x00000247060fa980, (CMBitMap*) 0x00000247060fa9c0
 Prev Bits: [0x0000024713f80000, 0x000002471bf40000)
 Next Bits: [0x000002471bf40000, 0x0000024723f00000)

Polling page: 0x0000024703fc0000

Metaspace:

Usage:
  Non-class:     16.91 MB used.
      Class:      2.69 MB used.
       Both:     19.60 MB used.

Virtual space:
  Non-class space:       64.00 MB reserved,      17.06 MB ( 27%) committed,  1 nodes.
      Class space:        1.00 GB reserved,       2.81 MB ( <1%) committed,  1 nodes.
             Both:        1.06 GB reserved,      19.88 MB (  2%) committed. 

Chunk freelists:
   Non-Class:  14.34 MB
       Class:  13.03 MB
        Both:  27.38 MB

MaxMetaspaceSize: unlimited
CompressedClassSpaceSize: 1.00 GB
Initial GC threshold: 21.00 MB
Current GC threshold: 21.00 MB
CDS: on
MetaspaceReclaimPolicy: balanced
 - commit_granule_bytes: 65536.
 - commit_granule_words: 8192.
 - virtual_space_node_default_size: 8388608.
 - enlarge_chunks_in_place: 1.
 - new_chunks_are_fully_committed: 0.
 - uncommit_free_chunks: 1.
 - use_allocation_guard: 0.
 - handle_deallocations: 1.


Internal statistics:

num_allocs_failed_limit: 0.
num_arena_births: 288.
num_arena_deaths: 0.
num_vsnodes_births: 2.
num_vsnodes_deaths: 0.
num_space_committed: 318.
num_space_uncommitted: 0.
num_chunks_returned_to_freelist: 0.
num_chunks_taken_from_freelist: 896.
num_chunk_merges: 0.
num_chunk_splits: 634.
num_chunks_enlarged: 494.
num_inconsistent_stats: 0.

CodeCache: size=49152Kb used=7931Kb max_used=7931Kb free=41221Kb
 bounds [0x000002470d910000, 0x000002470e0d0000, 0x0000024710910000]
 total_blobs=3101 nmethods=2606 adapters=416
 compilation: enabled
              stopped_count=0, restarted_count=0
 full_count=0

Compilation events (20 events):
Event: 1.013 Thread 0x0000024768173f90 nmethod 2594 0x000002470e0c9e90 code [0x000002470e0ca0a0, 0x000002470e0ca388]
Event: 1.013 Thread 0x00000247680807b0 nmethod 2593 0x000002470e0ca610 code [0x000002470e0ca820, 0x000002470e0cab88]
Event: 1.013 Thread 0x0000024768173f90 2601       1       java.util.stream.MatchOps$2MatchSink::<init> (16 bytes)
Event: 1.013 Thread 0x00000247680807b0 2602       1       java.util.stream.MatchOps$2MatchSink::accept (44 bytes)
Event: 1.013 Thread 0x0000024768179980 nmethod 2596 0x000002470e0cae10 code [0x000002470e0cb000, 0x000002470e0cb4c8]
Event: 1.013 Thread 0x000002476d500040 nmethod 2597 0x000002470e0cb690 code [0x000002470e0cb860, 0x000002470e0cbd28]
Event: 1.013 Thread 0x0000024768179980 2603       1       org.springframework.boot.context.properties.source.SystemEnvironmentPropertyMapper$$Lambda$175/0x000002472812e8c0::test (5 bytes)
Event: 1.013 Thread 0x000002476d500560 nmethod 2595 0x000002470e0cbf10 code [0x000002470e0cc100, 0x000002470e0cc568]
Event: 1.013 Thread 0x000002476d500040 2588       1       java.util.stream.IntPipeline::adapt (35 bytes)
Event: 1.013 Thread 0x000002476d500560 2604       1       org.springframework.boot.context.properties.source.SpringIterableConfigurationPropertySource$Mappings::containsDescendantOf (93 bytes)
Event: 1.013 Thread 0x000002476808cee0 nmethod 2600 0x000002470e0cc790 code [0x000002470e0cc920, 0x000002470e0ccb18]
Event: 1.013 Thread 0x00000247680807b0 nmethod 2602 0x000002470e0ccc10 code [0x000002470e0ccda0, 0x000002470e0ccec8]
Event: 1.013 Thread 0x000002476808cee0 2606       1       java.beans.PropertyEditorSupport::<init> (10 bytes)
Event: 1.013 Thread 0x0000024768173f90 nmethod 2601 0x000002470e0ccf90 code [0x000002470e0cd120, 0x000002470e0cd2d8]
Event: 1.013 Thread 0x0000024768179980 nmethod 2603 0x000002470e0cd390 code [0x000002470e0cd540, 0x000002470e0cd658]
Event: 1.013 Thread 0x00000247680807b0 2605       1       org.springframework.core.convert.support.GenericConversionService$Converters::addToClassHierarchy (30 bytes)
Event: 1.013 Thread 0x000002476d500040 nmethod 2588 0x000002470e0cd710 code [0x000002470e0cd8e0, 0x000002470e0cdbf8]
Event: 1.013 Thread 0x000002476808cee0 nmethod 2606 0x000002470e0cdd10 code [0x000002470e0cdea0, 0x000002470e0cdfb8]
Event: 1.013 Thread 0x00000247680807b0 nmethod 2605 0x000002470e0ce010 code [0x000002470e0ce1c0, 0x000002470e0ce368]
Event: 1.013 Thread 0x000002476d500560 nmethod 2604 0x000002470e0ce490 code [0x000002470e0ce6a0, 0x000002470e0ce9f8]

GC Heap History (5 events):
Event: 0.346 GC heap before
{Heap before GC invocations=0 (full 0):
 garbage-first heap   total 524288K, used 24576K [0x0000000601000000, 0x0000000800000000)
  region size 4096K, 6 young (24576K), 0 survivors (0K)
 Metaspace       used 6373K, committed 6592K, reserved 1114112K
  class space    used 796K, committed 896K, reserved 1048576K
}
Event: 0.349 GC heap after
{Heap after GC invocations=1 (full 0):
 garbage-first heap   total 524288K, used 7390K [0x0000000601000000, 0x0000000800000000)
  region size 4096K, 1 young (4096K), 1 survivors (4096K)
 Metaspace       used 6373K, committed 6592K, reserved 1114112K
  class space    used 796K, committed 896K, reserved 1048576K
}
Event: 0.766 GC heap before
{Heap before GC invocations=1 (full 0):
 garbage-first heap   total 524288K, used 27870K [0x0000000601000000, 0x0000000800000000)
  region size 4096K, 6 young (24576K), 1 survivors (4096K)
 Metaspace       used 10309K, committed 10560K, reserved 1114112K
  class space    used 1393K, committed 1536K, reserved 1048576K
}
Event: 0.768 GC heap after
{Heap after GC invocations=2 (full 0):
 garbage-first heap   total 524288K, used 9149K [0x0000000601000000, 0x0000000800000000)
  region size 4096K, 1 young (4096K), 1 survivors (4096K)
 Metaspace       used 10309K, committed 10560K, reserved 1114112K
  class space    used 1393K, committed 1536K, reserved 1048576K
}
Event: 1.014 GC heap before
{Heap before GC invocations=2 (full 0):
 garbage-first heap   total 524288K, used 66493K [0x0000000601000000, 0x0000000800000000)
  region size 4096K, 15 young (61440K), 1 survivors (4096K)
 Metaspace       used 20073K, committed 20352K, reserved 1114112K
  class space    used 2753K, committed 2880K, reserved 1048576K
}

Deoptimization events (4 events):
Event: 0.962 Thread 0x0000024706088bc0 DEOPT PACKING pc=0x000002470df07df9 sp=0x000000ea012fcbf0
Event: 0.962 Thread 0x0000024706088bc0 DEOPT UNPACKING pc=0x000002470d962b43 sp=0x000000ea012fc0d0 mode 3
Event: 0.963 Thread 0x0000024706088bc0 DEOPT PACKING pc=0x000002470df35655 sp=0x000000ea012fdbb0
Event: 0.963 Thread 0x0000024706088bc0 DEOPT UNPACKING pc=0x000002470d962b43 sp=0x000000ea012fd058 mode 3

Classes unloaded (0 events):
No events

Classes redefined (0 events):
No events

Internal exceptions (20 events):
Event: 0.769 Thread 0x0000024706088bc0 Exception <a 'java/lang/NoSuchMethodError'{0x0000000620c12ba8}: 'void java.lang.invoke.DirectMethodHandle$Holder.invokeSpecial(java.lang.Object, java.lang.Object, java.lang.Object, java.lang.Object, java.lang.Object, java.lang.Object)'> (0x0000000620c12ba8) 
thrown [s\open\src\hotspot\share\interpreter\linkResolver.cpp, line 759]
Event: 0.774 Thread 0x0000024706088bc0 Exception <a 'java/lang/NoSuchMethodError'{0x0000000620c920f0}: 'java.lang.Object java.lang.invoke.DirectMethodHandle$Holder.invokeSpecial(java.lang.Object, java.lang.Object, java.lang.Object, int, java.lang.Object)'> (0x0000000620c920f0) 
thrown [s\open\src\hotspot\share\interpreter\linkResolver.cpp, line 759]
Event: 0.774 Thread 0x0000024706088bc0 Exception <a 'java/lang/NoSuchMethodError'{0x0000000620c9a658}: 'java.lang.Object java.lang.invoke.DirectMethodHandle$Holder.newInvokeSpecial(java.lang.Object, java.lang.Object, java.lang.Object, int, java.lang.Object)'> (0x0000000620c9a658) 
thrown [s\open\src\hotspot\share\interpreter\linkResolver.cpp, line 759]
Event: 0.775 Thread 0x0000024706088bc0 Exception <a 'java/lang/NoSuchMethodError'{0x0000000620ca2028}: 'java.lang.Object java.lang.invoke.Invokers$Holder.linkToTargetMethod(java.lang.Object, java.lang.Object, int, java.lang.Object, java.lang.Object)'> (0x0000000620ca2028) 
thrown [s\open\src\hotspot\share\interpreter\linkResolver.cpp, line 759]
Event: 0.775 Thread 0x0000024706088bc0 Exception <a 'java/lang/NoSuchMethodError'{0x0000000620cb1d58}: 'java.lang.Object java.lang.invoke.DirectMethodHandle$Holder.newInvokeSpecial(java.lang.Object, int, java.lang.Object)'> (0x0000000620cb1d58) 
thrown [s\open\src\hotspot\share\interpreter\linkResolver.cpp, line 759]
Event: 0.775 Thread 0x0000024706088bc0 Exception <a 'java/lang/NoSuchMethodError'{0x0000000620cb6938}: 'int java.lang.invoke.DirectMethodHandle$Holder.invokeSpecialIFC(java.lang.Object, java.lang.Object, java.lang.Object, java.lang.Object)'> (0x0000000620cb6938) 
thrown [s\open\src\hotspot\share\interpreter\linkResolver.cpp, line 759]
Event: 0.781 Thread 0x0000024706088bc0 Exception <a 'java/lang/NoSuchMethodError'{0x0000000620f84ac8}: 'void java.lang.invoke.DirectMethodHandle$Holder.invokeInterface(java.lang.Object, java.lang.Object, java.lang.Object)'> (0x0000000620f84ac8) 
thrown [s\open\src\hotspot\share\interpreter\linkResolver.cpp, line 759]
Event: 0.788 Thread 0x0000024706088bc0 Exception <a 'java/lang/NoSuchMethodError'{0x000000062082ca88}: 'void java.lang.invoke.DirectMethodHandle$Holder.invokeSpecial(java.lang.Object, java.lang.Object, java.lang.Object)'> (0x000000062082ca88) 
thrown [s\open\src\hotspot\share\interpreter\linkResolver.cpp, line 759]
Event: 0.791 Thread 0x0000024706088bc0 Exception <a 'java/lang/NoSuchMethodError'{0x00000006208782f8}: 'java.lang.Object java.lang.invoke.DirectMethodHandle$Holder.newInvokeSpecial(java.lang.Object, java.lang.Object, int, java.lang.Object)'> (0x00000006208782f8) 
thrown [s\open\src\hotspot\share\interpreter\linkResolver.cpp, line 759]
Event: 0.792 Thread 0x0000024706088bc0 Exception <a 'java/lang/NoSuchMethodError'{0x000000062089c6c0}: 'java.lang.Object java.lang.invoke.DirectMethodHandle$Holder.newInvokeSpecial(java.lang.Object, java.lang.Object, java.lang.Object, java.lang.Object, java.lang.Object, java.lang.Object)'> (0x000000062089c6c0) 
thrown [s\open\src\hotspot\share\interpreter\linkResolver.cpp, line 759]
Event: 0.792 Thread 0x0000024706088bc0 Exception <a 'java/lang/NoSuchMethodError'{0x00000006208aabf8}: 'int java.lang.invoke.DirectMethodHandle$Holder.invokeVirtual(java.lang.Object, java.lang.Object)'> (0x00000006208aabf8) 
thrown [s\open\src\hotspot\share\interpreter\linkResolver.cpp, line 759]
Event: 0.805 Thread 0x0000024706088bc0 Exception <a 'java/lang/NoSuchMethodError'{0x0000000620a36458}: 'void java.lang.invoke.DirectMethodHandle$Holder.invokeStatic(java.lang.Object, java.lang.Object, int)'> (0x0000000620a36458) 
thrown [s\open\src\hotspot\share\interpreter\linkResolver.cpp, line 759]
Event: 0.805 Thread 0x0000024706088bc0 Exception <a 'java/lang/NoSuchMethodError'{0x0000000620a3e5a8}: 'void java.lang.invoke.DirectMethodHandle$Holder.invokeStaticInit(java.lang.Object, java.lang.Object)'> (0x0000000620a3e5a8) 
thrown [s\open\src\hotspot\share\interpreter\linkResolver.cpp, line 759]
Event: 0.807 Thread 0x0000024706088bc0 Exception <a 'java/lang/NoSuchMethodError'{0x0000000620a52b88}: 'void java.lang.invoke.DirectMethodHandle$Holder.invokeStaticInit(java.lang.Object, java.lang.Object, java.lang.Object)'> (0x0000000620a52b88) 
thrown [s\open\src\hotspot\share\interpreter\linkResolver.cpp, line 759]
Event: 0.809 Thread 0x0000024706088bc0 Exception <a 'java/lang/NoSuchMethodError'{0x0000000620a998d0}: 'java.lang.Object java.lang.invoke.DirectMethodHandle$Holder.invokeStatic(java.lang.Object, java.lang.Object, long, java.lang.Object)'> (0x0000000620a998d0) 
thrown [s\open\src\hotspot\share\interpreter\linkResolver.cpp, line 759]
Event: 0.809 Thread 0x0000024706088bc0 Exception <a 'java/lang/NoSuchMethodError'{0x0000000620a9d368}: 'java.lang.Object java.lang.invoke.DirectMethodHandle$Holder.invokeStaticInit(java.lang.Object, java.lang.Object, long, java.lang.Object)'> (0x0000000620a9d368) 
thrown [s\open\src\hotspot\share\interpreter\linkResolver.cpp, line 759]
Event: 0.809 Thread 0x0000024706088bc0 Exception <a 'java/lang/NoSuchMethodError'{0x0000000620aa3698}: 'java.lang.Object java.lang.invoke.DirectMethodHandle$Holder.newInvokeSpecial(java.lang.Object, java.lang.Object, long)'> (0x0000000620aa3698) 
thrown [s\open\src\hotspot\share\interpreter\linkResolver.cpp, line 759]
Event: 0.809 Thread 0x0000024706088bc0 Exception <a 'java/lang/NoSuchMethodError'{0x0000000620aa74b0}: 'java.lang.Object java.lang.invoke.Invokers$Holder.linkToTargetMethod(java.lang.Object, long, java.lang.Object)'> (0x0000000620aa74b0) 
thrown [s\open\src\hotspot\share\interpreter\linkResolver.cpp, line 759]
Event: 0.813 Thread 0x0000024706088bc0 Exception <a 'java/lang/NoSuchMethodError'{0x0000000620b125a8}: 'void java.lang.invoke.DirectMethodHandle$Holder.invokeVirtual(java.lang.Object, java.lang.Object, java.lang.Object, java.lang.Object)'> (0x0000000620b125a8) 
thrown [s\open\src\hotspot\share\interpreter\linkResolver.cpp, line 759]
Event: 1.007 Thread 0x0000024706088bc0 Exception <a 'java/lang/NoSuchMethodError'{0x000000061d598700}: 'java.lang.Object java.lang.invoke.DirectMethodHandle$Holder.invokeInterface(java.lang.Object, java.lang.Object, java.lang.Object, java.lang.Object)'> (0x000000061d598700) 
thrown [s\open\src\hotspot\share\interpreter\linkResolver.cpp, line 759]

VM Operations (20 events):
Event: 0.349 Executing VM operation: G1CollectForAllocation done
Event: 0.396 Executing VM operation: HandshakeAllThreads
Event: 0.396 Executing VM operation: HandshakeAllThreads done
Event: 0.467 Executing VM operation: HandshakeAllThreads
Event: 0.467 Executing VM operation: HandshakeAllThreads done
Event: 0.766 Executing VM operation: G1CollectForAllocation
Event: 0.768 Executing VM operation: G1CollectForAllocation done
Event: 0.828 Executing VM operation: HandshakeAllThreads
Event: 0.828 Executing VM operation: HandshakeAllThreads done
Event: 0.894 Executing VM operation: HandshakeAllThreads
Event: 0.894 Executing VM operation: HandshakeAllThreads done
Event: 0.911 Executing VM operation: HandshakeAllThreads
Event: 0.911 Executing VM operation: HandshakeAllThreads done
Event: 0.931 Executing VM operation: ICBufferFull
Event: 0.931 Executing VM operation: ICBufferFull done
Event: 1.006 Executing VM operation: HandshakeAllThreads
Event: 1.006 Executing VM operation: HandshakeAllThreads done
Event: 1.014 Executing VM operation: G1CollectForAllocation
Event: 1.014 Executing VM operation: G1CollectForAllocation done
Event: 1.014 Executing VM operation: G1CollectForAllocation

Events (20 events):
Event: 0.962 loading class java/lang/invoke/VarHandleLongs$Array
Event: 0.962 loading class java/lang/invoke/VarHandleLongs$Array done
Event: 0.962 loading class java/util/concurrent/atomic/AtomicReferenceArray
Event: 0.962 loading class java/util/concurrent/atomic/AtomicReferenceArray done
Event: 0.970 Thread 0x000002476d500040 Thread added: 0x000002476d500040
Event: 0.970 Thread 0x000002476d500560 Thread added: 0x000002476d500560
Event: 0.973 loading class sun/text/resources/cldr/FormatData_en
Event: 0.973 loading class sun/text/resources/cldr/FormatData_en done
Event: 0.973 loading class sun/text/resources/cldr/FormatData_en_US
Event: 0.973 loading class sun/text/resources/cldr/FormatData_en_US done
Event: 0.976 loading class java/io/CharArrayReader
Event: 0.976 loading class java/io/CharArrayReader done
Event: 0.987 loading class java/net/SocketException
Event: 0.987 loading class java/net/SocketException done
Event: 0.992 loading class javax/naming/NameNotFoundException
Event: 0.992 loading class javax/naming/NameNotFoundException done
Event: 0.997 loading class java/text/MessageFormat
Event: 0.997 loading class java/text/MessageFormat done
Event: 1.001 loading class java/lang/annotation/Repeatable
Event: 1.001 loading class java/lang/annotation/Repeatable done


Dynamic libraries:
0x00007ff760b40000 - 0x00007ff760b50000 	F:\software\jdk-17.0.9\bin\java.exe
0x00007ff8c4110000 - 0x00007ff8c4308000 	C:\WINDOWS\SYSTEM32\ntdll.dll
0x00007ff8c3c60000 - 0x00007ff8c3d1d000 	C:\WINDOWS\System32\KERNEL32.DLL
0x00007ff8c1950000 - 0x00007ff8c1c46000 	C:\WINDOWS\System32\KERNELBASE.dll
0x00007ff8beff0000 - 0x00007ff8bf080000 	C:\WINDOWS\SYSTEM32\apphelp.dll
0x00007ff8c2050000 - 0x00007ff8c2150000 	C:\WINDOWS\System32\ucrtbase.dll
0x00007ff8af990000 - 0x00007ff8af9a9000 	F:\software\jdk-17.0.9\bin\jli.dll
0x00007ff8a9810000 - 0x00007ff8a982b000 	F:\software\jdk-17.0.9\bin\VCRUNTIME140.dll
0x00007ff8c22b0000 - 0x00007ff8c2363000 	C:\WINDOWS\System32\ADVAPI32.dll
0x00007ff8c2210000 - 0x00007ff8c22ae000 	C:\WINDOWS\System32\msvcrt.dll
0x00007ff8c2170000 - 0x00007ff8c220f000 	C:\WINDOWS\System32\sechost.dll
0x00007ff8c2370000 - 0x00007ff8c2496000 	C:\WINDOWS\System32\RPCRT4.dll
0x00007ff8c1f60000 - 0x00007ff8c1f87000 	C:\WINDOWS\System32\bcrypt.dll
0x00007ff8c3e50000 - 0x00007ff8c3fee000 	C:\WINDOWS\System32\USER32.dll
0x00007ff8c1870000 - 0x00007ff8c1892000 	C:\WINDOWS\System32\win32u.dll
0x00007ff8c2890000 - 0x00007ff8c28bb000 	C:\WINDOWS\System32\GDI32.dll
0x00007ff8ae270000 - 0x00007ff8ae50a000 	C:\WINDOWS\WinSxS\amd64_microsoft.windows.common-controls_6595b64144ccf1df_6.0.19041.3636_none_60b6a03d71f818d5\COMCTL32.dll
0x00007ff8c1e40000 - 0x00007ff8c1f57000 	C:\WINDOWS\System32\gdi32full.dll
0x00007ff8c17d0000 - 0x00007ff8c186d000 	C:\WINDOWS\System32\msvcp_win.dll
0x00007ff8bc6d0000 - 0x00007ff8bc6da000 	C:\WINDOWS\SYSTEM32\VERSION.dll
0x00007ff8c3c10000 - 0x00007ff8c3c42000 	C:\WINDOWS\System32\IMM32.DLL
0x00007ff8a9800000 - 0x00007ff8a980c000 	F:\software\jdk-17.0.9\bin\vcruntime140_1.dll
0x00007ff8a4480000 - 0x00007ff8a450e000 	F:\software\jdk-17.0.9\bin\msvcp140.dll
0x00007ff87b510000 - 0x00007ff87c0f1000 	F:\software\jdk-17.0.9\bin\server\jvm.dll
0x00007ff8c3c00000 - 0x00007ff8c3c08000 	C:\WINDOWS\System32\PSAPI.DLL
0x00007ff8a4300000 - 0x00007ff8a4309000 	C:\WINDOWS\SYSTEM32\WSOCK32.dll
0x00007ff8b29f0000 - 0x00007ff8b2a17000 	C:\WINDOWS\SYSTEM32\WINMM.dll
0x00007ff8c3310000 - 0x00007ff8c337b000 	C:\WINDOWS\System32\WS2_32.dll
0x00007ff8bf6a0000 - 0x00007ff8bf6b2000 	C:\WINDOWS\SYSTEM32\kernel.appcore.dll
0x00007ff8a97f0000 - 0x00007ff8a97fa000 	F:\software\jdk-17.0.9\bin\jimage.dll
0x00007ff8b2090000 - 0x00007ff8b2274000 	C:\WINDOWS\SYSTEM32\DBGHELP.DLL
0x00007ff89c660000 - 0x00007ff89c694000 	C:\WINDOWS\SYSTEM32\dbgcore.DLL
0x00007ff8c1db0000 - 0x00007ff8c1e32000 	C:\WINDOWS\System32\bcryptPrimitives.dll
0x00007ff8bcaf0000 - 0x00007ff8bcafe000 	F:\software\jdk-17.0.9\bin\instrument.dll
0x00007ff8a4960000 - 0x00007ff8a4985000 	F:\software\jdk-17.0.9\bin\java.dll
0x00007ff880ef0000 - 0x00007ff880fc7000 	F:\software\jdk-17.0.9\bin\jsvml.dll
0x00007ff8c3390000 - 0x00007ff8c3ad5000 	C:\WINDOWS\System32\SHELL32.dll
0x00007ff8bf8a0000 - 0x00007ff8c003c000 	C:\WINDOWS\SYSTEM32\windows.storage.dll
0x00007ff8c28c0000 - 0x00007ff8c2c14000 	C:\WINDOWS\System32\combase.dll
0x00007ff8c1200000 - 0x00007ff8c122e000 	C:\WINDOWS\SYSTEM32\Wldp.dll
0x00007ff8c2610000 - 0x00007ff8c26dd000 	C:\WINDOWS\System32\OLEAUT32.dll
0x00007ff8c2560000 - 0x00007ff8c260d000 	C:\WINDOWS\System32\SHCORE.dll
0x00007ff8c3250000 - 0x00007ff8c32a5000 	C:\WINDOWS\System32\shlwapi.dll
0x00007ff8c1700000 - 0x00007ff8c1725000 	C:\WINDOWS\SYSTEM32\profapi.dll
0x00007ff8a92b0000 - 0x00007ff8a92c8000 	F:\software\jdk-17.0.9\bin\zip.dll
0x00007ff8a97d0000 - 0x00007ff8a97e9000 	F:\software\jdk-17.0.9\bin\net.dll
0x00007ff8bb840000 - 0x00007ff8bb94a000 	C:\WINDOWS\SYSTEM32\WINHTTP.dll
0x00007ff8c0f60000 - 0x00007ff8c0fca000 	C:\WINDOWS\system32\mswsock.dll
0x00007ff8a9710000 - 0x00007ff8a9726000 	F:\software\jdk-17.0.9\bin\nio.dll
0x00007ff8aee50000 - 0x00007ff8aee6a000 	F:\software\IntelliJ IDEA 2022.2.3\bin\breakgen64.dll
0x00007ff8c0c50000 - 0x00007ff8c0d1b000 	C:\WINDOWS\SYSTEM32\DNSAPI.dll
0x00007ff8c0c00000 - 0x00007ff8c0c3b000 	C:\WINDOWS\SYSTEM32\IPHLPAPI.DLL
0x00007ff8c3380000 - 0x00007ff8c3388000 	C:\WINDOWS\System32\NSI.dll
0x00007ff8bbeb0000 - 0x00007ff8bbeba000 	C:\Windows\System32\rasadhlp.dll
0x00007ff8af4e0000 - 0x00007ff8af560000 	C:\WINDOWS\System32\fwpuclnt.dll
0x00007ff8bbed0000 - 0x00007ff8bbeda000 	F:\software\jdk-17.0.9\bin\management.dll
0x00007ff8bbec0000 - 0x00007ff8bbecb000 	F:\software\jdk-17.0.9\bin\management_ext.dll
0x00007ff8c1150000 - 0x00007ff8c1168000 	C:\WINDOWS\SYSTEM32\CRYPTSP.dll
0x00007ff8c0820000 - 0x00007ff8c0854000 	C:\WINDOWS\system32\rsaenh.dll
0x00007ff8c16c0000 - 0x00007ff8c16ee000 	C:\WINDOWS\SYSTEM32\USERENV.dll
0x00007ff8c1170000 - 0x00007ff8c117c000 	C:\WINDOWS\SYSTEM32\CRYPTBASE.dll
0x00007ff8af4c0000 - 0x00007ff8af4d7000 	C:\WINDOWS\SYSTEM32\dhcpcsvc6.DLL
0x00007ff8af560000 - 0x00007ff8af57d000 	C:\WINDOWS\SYSTEM32\dhcpcsvc.DLL
0x00007ff895960000 - 0x00007ff895977000 	C:\WINDOWS\system32\napinsp.dll
0x00007ff892dc0000 - 0x00007ff892ddb000 	C:\WINDOWS\system32\pnrpnsp.dll
0x00007ff8b1150000 - 0x00007ff8b1165000 	C:\WINDOWS\system32\wshbth.dll
0x00007ff8bd280000 - 0x00007ff8bd29d000 	C:\WINDOWS\system32\NLAapi.dll
0x00007ff892ae0000 - 0x00007ff892af2000 	C:\WINDOWS\System32\winrnr.dll
0x00007ff8a9100000 - 0x00007ff8a9110000 	F:\software\jdk-17.0.9\bin\verify.dll

dbghelp: loaded successfully - version: 4.0.5 - missing functions: none
symbol engine: initialized successfully - sym options: 0x614 - pdb path: .;F:\software\jdk-17.0.9\bin;C:\WINDOWS\SYSTEM32;C:\WINDOWS\WinSxS\amd64_microsoft.windows.common-controls_6595b64144ccf1df_6.0.19041.3636_none_60b6a03d71f818d5;F:\software\jdk-17.0.9\bin\server;F:\software\IntelliJ IDEA 2022.2.3\bin

VM Arguments:
jvm_args: -XX:TieredStopAtLevel=1 -Dspring.output.ansi.enabled=always -Dcom.sun.management.jmxremote -Dspring.jmx.enabled=true -Dspring.liveBeansView.mbeanDomain -Dspring.application.admin.enabled=true -javaagent:F:\software\IntelliJ IDEA 2022.2.3\lib\idea_rt.jar=56638:F:\software\IntelliJ IDEA 2022.2.3\bin -Dfile.encoding=UTF-8 
java_command: com.atguigu.cloud.Main8002
java_class_path (initial): F:\softwareData\javaData\project\mscloudV5\cloud-provider-payment8001\target\classes;F:\software\apache-maven-3.9.8\.m2\repository\org\springframework\cloud\spring-cloud-starter-consul-discovery\4.1.0\spring-cloud-starter-consul-discovery-4.1.0.jar;F:\software\apache-maven-3.9.8\.m2\repository\org\springframework\cloud\spring-cloud-starter-consul\4.1.0\spring-cloud-starter-consul-4.1.0.jar;F:\software\apache-maven-3.9.8\.m2\repository\org\springframework\cloud\spring-cloud-consul-core\4.1.0\spring-cloud-consul-core-4.1.0.jar;F:\software\apache-maven-3.9.8\.m2\repository\org\springframework\boot\spring-boot-starter-validation\3.2.0\spring-boot-starter-validation-3.2.0.jar;F:\software\apache-maven-3.9.8\.m2\repository\org\hibernate\validator\hibernate-validator\8.0.1.Final\hibernate-validator-8.0.1.Final.jar;F:\software\apache-maven-3.9.8\.m2\repository\org\jboss\logging\jboss-logging\3.5.3.Final\jboss-logging-3.5.3.Final.jar;F:\software\apache-maven-3.9.8\.m2\repository\com\fasterxml\classmate\1.6.0\classmate-1.6.0.jar;F:\software\apache-maven-3.9.8\.m2\repository\com\ecwid\consul\consul-api\1.4.5\consul-api-1.4.5.jar;F:\software\apache-maven-3.9.8\.m2\repository\com\google\code\gson\gson\2.10.1\gson-2.10.1.jar;F:\software\apache-maven-3.9.8\.m2\repository\org\apache\httpcomponents\httpclient\4.5.14\httpclient-4.5.14.jar;F:\software\apache-maven-3.9.8\.m2\repository\commons-logging\commons-logging\1.2\commons-logging-1.2.jar;F:\software\apache-maven-3.9.8\.m2\repository\commons-codec\commons-codec\1.16.0\commons-codec-1.16.0.jar;F:\software\apache-maven-3.9.8\.m2\repository\org\apache\httpcomponents\httpcore\4.4.16\httpcore-4.4.16.jar;F:\software\apache-maven-3.9.8\.m2\repository\org\springframework\cloud\spring-cloud-consul-discovery\4.1.0\spring-cloud-consul-discovery-4.1.0.jar;F:\software\apache-maven-3.9.8\.m2\repository\org\springframework\cloud\spring-cloud-starter-loadbalancer\4.1.0\spring-cloud-starter-loadbalancer-4.1.0.jar;F:\so
Launcher Type: SUN_STANDARD

[Global flags]
     intx CICompilerCount                          = 12                                        {product} {ergonomic}
     uint ConcGCThreads                            = 3                                         {product} {ergonomic}
     uint G1ConcRefinementThreads                  = 13                                        {product} {ergonomic}
   size_t G1HeapRegionSize                         = 4194304                                   {product} {ergonomic}
    uintx GCDrainStackTargetSize                   = 64                                        {product} {ergonomic}
   size_t InitialHeapSize                          = 536870912                                 {product} {ergonomic}
     bool ManagementServer                         = true                                      {product} {command line}
   size_t MarkStackSize                            = 4194304                                   {product} {ergonomic}
   size_t MaxHeapSize                              = 8573157376                                {product} {ergonomic}
   size_t MaxNewSize                               = 5142216704                                {product} {ergonomic}
   size_t MinHeapDeltaBytes                        = 4194304                                   {product} {ergonomic}
   size_t MinHeapSize                              = 8388608                                   {product} {ergonomic}
    uintx NonProfiledCodeHeapSize                  = 0                                      {pd product} {ergonomic}
     bool ProfileInterpreter                       = false                                  {pd product} {command line}
    uintx ProfiledCodeHeapSize                     = 0                                      {pd product} {ergonomic}
   size_t SoftMaxHeapSize                          = 8573157376                             {manageable} {ergonomic}
     intx TieredStopAtLevel                        = 1                                         {product} {command line}
     bool UseCompressedClassPointers               = true                           {product lp64_product} {ergonomic}
     bool UseCompressedOops                        = true                           {product lp64_product} {ergonomic}
     bool UseG1GC                                  = true                                      {product} {ergonomic}
     bool UseLargePagesIndividualAllocation        = false                                  {pd product} {ergonomic}

Logging:
Log output configuration:
 #0: stdout all=warning uptime,level,tags
 #1: stderr all=off uptime,level,tags

Environment Variables:
JAVA_HOME=F:\software\jdk-17.0.9
PATH=C:\Program Files\Microsoft\jdk-11.0.16.101-hotspot\bin;F:\software\vmware\bin\;C:\Windows\system32;C:\Windows;C:\Windows\System32\Wbem;C:\Windows\System32\WindowsPowerShell\v1.0\;C:\Windows\System32\OpenSSH\;C:\Program Files (x86)\NVIDIA Corporation\PhysX\Common;F:\software\jdk1.8.0_201\bin;F:\software\xshell\;C:\WINDOWS\system32;C:\WINDOWS;C:\WINDOWS\System32\Wbem;C:\WINDOWS\System32\WindowsPowerShell\v1.0\;C:\WINDOWS\System32\OpenSSH\;C:\Program Files\NVIDIA Corporation\NVIDIA NvDLISR;F:\software\node\;F:\jdk-17.0.9\bin;F:\apache-tomcat-10.1.7\bin;C:\Program Files (x86)\Google\Chrome\Application;F:\software\apache-maven-3.6.3\bin;C:\Program Files\Git\cmd;F:\software\python3.12\Scripts\;F:\software\python3.12\;F:\software\python3.9\Scripts\;F:\software\python3.9\;F:\software\python_interrupt\Scripts\;F:\software\python_interrupt\;C:\Users\Administrator\AppData\Local\Microsoft\WindowsApps;E:\Program Files\JetBrains\IntelliJ IDEA 2022.2.3\bin;F:\software\clion\bin;C:\Users\Administrator\AppData\Roaming\npm;F:\WebStorm 2023.3.2\bin;
USERNAME=Administrator
OS=Windows_NT
PROCESSOR_IDENTIFIER=Intel64 Family 6 Model 158 Stepping 12, GenuineIntel



---------------  S Y S T E M  ---------------

OS:
 Windows 10 , 64 bit Build 19041 (10.0.19041.3636)
OS uptime: 1 days 3:49 hours

CPU: total 16 (initial active 16) (8 cores per cpu, 2 threads per core) family 6 model 158 stepping 12 microcode 0xae, cx8, cmov, fxsr, ht, mmx, 3dnowpref, sse, sse2, sse3, ssse3, sse4.1, sse4.2, popcnt, lzcnt, tsc, tscinvbit, avx, avx2, aes, erms, clmul, bmi1, bmi2, rtm, adx, fma, vzeroupper, clflush, clflushopt

Memory: 4k page, system-wide physical 32699M (11470M free)
TotalPageFile size 34747M (AvailPageFile size 8767M)
current process WorkingSet (physical memory assigned to process): 146M, peak: 146M
current process commit charge ("private bytes"): 657M, peak: 657M

vm_info: Java HotSpot(TM) 64-Bit Server VM (17.0.9+11-LTS-201) for windows-amd64 JRE (17.0.9+11-LTS-201), built on Oct 10 2023 23:16:06 by "mach5one" with MS VC++ 17.1 (VS2022)

END.
